running egg_info
writing ../../build/kamera_tf2_py/kamera_tf2_py.egg-info/PKG-INFO
writing dependency_links to ../../build/kamera_tf2_py/kamera_tf2_py.egg-info/dependency_links.txt
writing entry points to ../../build/kamera_tf2_py/kamera_tf2_py.egg-info/entry_points.txt
writing requirements to ../../build/kamera_tf2_py/kamera_tf2_py.egg-info/requires.txt
writing top-level names to ../../build/kamera_tf2_py/kamera_tf2_py.egg-info/top_level.txt
reading manifest file '../../build/kamera_tf2_py/kamera_tf2_py.egg-info/SOURCES.txt'
adding license file 'LICENSE'
writing manifest file '../../build/kamera_tf2_py/kamera_tf2_py.egg-info/SOURCES.txt'
running build
running build_py
copying kamera_tf2_py/kamera_tf2.py -> /home/nikolaakrap/zavrsni/build/kamera_tf2_py/build/lib/kamera_tf2_py
running install
running install_lib
copying /home/nikolaakrap/zavrsni/build/kamera_tf2_py/build/lib/kamera_tf2_py/kamera_tf2.py -> /home/nikolaakrap/zavrsni/install/kamera_tf2_py/lib/python3.10/site-packages/kamera_tf2_py
byte-compiling /home/nikolaakrap/zavrsni/install/kamera_tf2_py/lib/python3.10/site-packages/kamera_tf2_py/kamera_tf2.py to kamera_tf2.cpython-310.pyc
running install_data
running install_egg_info
removing '/home/nikolaakrap/zavrsni/install/kamera_tf2_py/lib/python3.10/site-packages/kamera_tf2_py-0.0.0-py3.10.egg-info' (and everything under it)
Copying ../../build/kamera_tf2_py/kamera_tf2_py.egg-info to /home/nikolaakrap/zavrsni/install/kamera_tf2_py/lib/python3.10/site-packages/kamera_tf2_py-0.0.0-py3.10.egg-info
running install_scripts
Installing gather_info script to /home/nikolaakrap/zavrsni/install/kamera_tf2_py/lib/kamera_tf2_py
Installing kamera_tf2 script to /home/nikolaakrap/zavrsni/install/kamera_tf2_py/lib/kamera_tf2_py
Installing move_robot script to /home/nikolaakrap/zavrsni/install/kamera_tf2_py/lib/kamera_tf2_py
Installing static_marker script to /home/nikolaakrap/zavrsni/install/kamera_tf2_py/lib/kamera_tf2_py
writing list of installed files to '/home/nikolaakrap/zavrsni/build/kamera_tf2_py/install.log'
