[0.250s] DEBUG:colcon:Command line arguments: ['/usr/bin/colcon', 'build']
[0.250s] DEBUG:colcon:Parsed command line arguments: Namespace(log_base=None, log_level=None, verb_name='build', build_base='build', install_base='install', merge_install=False, symlink_install=False, test_result_base=None, continue_on_error=False, executor='parallel', parallel_workers=8, event_handlers=None, ignore_user_meta=False, metas=['./colcon.meta'], base_paths=['.'], packages_ignore=None, packages_ignore_regex=None, paths=None, packages_up_to=None, packages_up_to_regex=None, packages_above=None, packages_above_and_dependencies=None, packages_above_depth=None, packages_select_by_dep=None, packages_skip_by_dep=None, packages_skip_up_to=None, packages_select_build_failed=False, packages_skip_build_finished=False, packages_select_test_failures=False, packages_skip_test_passed=False, packages_select=None, packages_skip=None, packages_select_regex=None, packages_skip_regex=None, packages_start=None, packages_end=None, allow_overriding=[], cmake_args=None, cmake_target=None, cmake_target_skip_unavailable=False, cmake_clean_cache=False, cmake_clean_first=False, cmake_force_configure=False, ament_cmake_args=None, catkin_cmake_args=None, catkin_skip_building_tests=False, mixin_files=None, mixin=None, verb_parser=<colcon_mixin.mixin.mixin_argument.MixinArgumentDecorator object at 0x7db7c9cf5930>, verb_extension=<colcon_core.verb.build.BuildVerb object at 0x7db7c9e65d20>, main=<bound method BuildVerb.main of <colcon_core.verb.build.BuildVerb object at 0x7db7c9e65d20>>, mixin_verb=('build',))
[0.524s] Level 1:colcon.colcon_core.package_discovery:discover_packages(colcon_meta) check parameters
[0.524s] Level 1:colcon.colcon_core.package_discovery:discover_packages(recursive) check parameters
[0.524s] Level 1:colcon.colcon_core.package_discovery:discover_packages(ignore) check parameters
[0.524s] Level 1:colcon.colcon_core.package_discovery:discover_packages(path) check parameters
[0.525s] Level 1:colcon.colcon_core.package_discovery:discover_packages(colcon_meta) discover
[0.525s] Level 1:colcon.colcon_core.package_discovery:discover_packages(recursive) discover
[0.525s] INFO:colcon.colcon_core.package_discovery:Crawling recursively for packages in '/home/nikolaakrap/zavrsni'
[0.525s] Level 1:colcon.colcon_core.package_identification:_identify(.) by extensions ['ignore', 'ignore_ament_install']
[0.525s] Level 1:colcon.colcon_core.package_identification:_identify(.) by extension 'ignore'
[0.525s] Level 1:colcon.colcon_core.package_identification:_identify(.) by extension 'ignore_ament_install'
[0.525s] Level 1:colcon.colcon_core.package_identification:_identify(.) by extensions ['colcon_pkg']
[0.525s] Level 1:colcon.colcon_core.package_identification:_identify(.) by extension 'colcon_pkg'
[0.525s] Level 1:colcon.colcon_core.package_identification:_identify(.) by extensions ['colcon_meta']
[0.525s] Level 1:colcon.colcon_core.package_identification:_identify(.) by extension 'colcon_meta'
[0.525s] Level 1:colcon.colcon_core.package_identification:_identify(.) by extensions ['ros']
[0.525s] Level 1:colcon.colcon_core.package_identification:_identify(.) by extension 'ros'
[0.543s] Level 1:colcon.colcon_core.package_identification:_identify(.) by extensions ['cmake', 'python']
[0.543s] Level 1:colcon.colcon_core.package_identification:_identify(.) by extension 'cmake'
[0.543s] Level 1:colcon.colcon_core.package_identification:_identify(.) by extension 'python'
[0.543s] Level 1:colcon.colcon_core.package_identification:_identify(.) by extensions ['python_setup_py']
[0.543s] Level 1:colcon.colcon_core.package_identification:_identify(.) by extension 'python_setup_py'
[0.544s] Level 1:colcon.colcon_core.package_identification:_identify(build) by extensions ['ignore', 'ignore_ament_install']
[0.544s] Level 1:colcon.colcon_core.package_identification:_identify(build) by extension 'ignore'
[0.544s] Level 1:colcon.colcon_core.package_identification:_identify(build) ignored
[0.544s] Level 1:colcon.colcon_core.package_identification:_identify(install) by extensions ['ignore', 'ignore_ament_install']
[0.544s] Level 1:colcon.colcon_core.package_identification:_identify(install) by extension 'ignore'
[0.544s] Level 1:colcon.colcon_core.package_identification:_identify(install) ignored
[0.545s] Level 1:colcon.colcon_core.package_identification:_identify(log) by extensions ['ignore', 'ignore_ament_install']
[0.545s] Level 1:colcon.colcon_core.package_identification:_identify(log) by extension 'ignore'
[0.545s] Level 1:colcon.colcon_core.package_identification:_identify(log) ignored
[0.545s] Level 1:colcon.colcon_core.package_identification:_identify(src) by extensions ['ignore', 'ignore_ament_install']
[0.546s] Level 1:colcon.colcon_core.package_identification:_identify(src) by extension 'ignore'
[0.546s] Level 1:colcon.colcon_core.package_identification:_identify(src) by extension 'ignore_ament_install'
[0.546s] Level 1:colcon.colcon_core.package_identification:_identify(src) by extensions ['colcon_pkg']
[0.546s] Level 1:colcon.colcon_core.package_identification:_identify(src) by extension 'colcon_pkg'
[0.546s] Level 1:colcon.colcon_core.package_identification:_identify(src) by extensions ['colcon_meta']
[0.546s] Level 1:colcon.colcon_core.package_identification:_identify(src) by extension 'colcon_meta'
[0.546s] Level 1:colcon.colcon_core.package_identification:_identify(src) by extensions ['ros']
[0.546s] Level 1:colcon.colcon_core.package_identification:_identify(src) by extension 'ros'
[0.546s] Level 1:colcon.colcon_core.package_identification:_identify(src) by extensions ['cmake', 'python']
[0.546s] Level 1:colcon.colcon_core.package_identification:_identify(src) by extension 'cmake'
[0.546s] Level 1:colcon.colcon_core.package_identification:_identify(src) by extension 'python'
[0.546s] Level 1:colcon.colcon_core.package_identification:_identify(src) by extensions ['python_setup_py']
[0.546s] Level 1:colcon.colcon_core.package_identification:_identify(src) by extension 'python_setup_py'
[0.546s] Level 1:colcon.colcon_core.package_identification:_identify(src/kamera_tf2_py) by extensions ['ignore', 'ignore_ament_install']
[0.547s] Level 1:colcon.colcon_core.package_identification:_identify(src/kamera_tf2_py) by extension 'ignore'
[0.547s] Level 1:colcon.colcon_core.package_identification:_identify(src/kamera_tf2_py) by extension 'ignore_ament_install'
[0.547s] Level 1:colcon.colcon_core.package_identification:_identify(src/kamera_tf2_py) by extensions ['colcon_pkg']
[0.547s] Level 1:colcon.colcon_core.package_identification:_identify(src/kamera_tf2_py) by extension 'colcon_pkg'
[0.547s] Level 1:colcon.colcon_core.package_identification:_identify(src/kamera_tf2_py) by extensions ['colcon_meta']
[0.547s] Level 1:colcon.colcon_core.package_identification:_identify(src/kamera_tf2_py) by extension 'colcon_meta'
[0.547s] Level 1:colcon.colcon_core.package_identification:_identify(src/kamera_tf2_py) by extensions ['ros']
[0.547s] Level 1:colcon.colcon_core.package_identification:_identify(src/kamera_tf2_py) by extension 'ros'
[0.551s] DEBUG:colcon.colcon_core.package_identification:Package 'src/kamera_tf2_py' with type 'ros.ament_python' and name 'kamera_tf2_py'
[0.551s] Level 1:colcon.colcon_core.package_identification:_identify(src/pymoveit2) by extensions ['ignore', 'ignore_ament_install']
[0.552s] Level 1:colcon.colcon_core.package_identification:_identify(src/pymoveit2) by extension 'ignore'
[0.552s] Level 1:colcon.colcon_core.package_identification:_identify(src/pymoveit2) by extension 'ignore_ament_install'
[0.552s] Level 1:colcon.colcon_core.package_identification:_identify(src/pymoveit2) by extensions ['colcon_pkg']
[0.552s] Level 1:colcon.colcon_core.package_identification:_identify(src/pymoveit2) by extension 'colcon_pkg'
[0.552s] Level 1:colcon.colcon_core.package_identification:_identify(src/pymoveit2) by extensions ['colcon_meta']
[0.552s] Level 1:colcon.colcon_core.package_identification:_identify(src/pymoveit2) by extension 'colcon_meta'
[0.552s] Level 1:colcon.colcon_core.package_identification:_identify(src/pymoveit2) by extensions ['ros']
[0.552s] Level 1:colcon.colcon_core.package_identification:_identify(src/pymoveit2) by extension 'ros'
[0.554s] DEBUG:colcon.colcon_core.package_identification:Package 'src/pymoveit2' with type 'ros.ament_cmake' and name 'pymoveit2'
[0.554s] Level 1:colcon.colcon_core.package_discovery:discover_packages(recursive) using defaults
[0.554s] Level 1:colcon.colcon_core.package_discovery:discover_packages(ignore) discover
[0.554s] Level 1:colcon.colcon_core.package_discovery:discover_packages(ignore) using defaults
[0.554s] Level 1:colcon.colcon_core.package_discovery:discover_packages(path) discover
[0.554s] Level 1:colcon.colcon_core.package_discovery:discover_packages(path) using defaults
[0.595s] Level 1:colcon.colcon_core.package_discovery:discover_packages(prefix_path) check parameters
[0.595s] Level 1:colcon.colcon_core.package_discovery:discover_packages(prefix_path) discover
[0.597s] Level 1:colcon.colcon_core.package_discovery:discover_packages(prefix_path) using defaults
[0.599s] Level 5:colcon.colcon_core.verb:set package 'pymoveit2' build argument 'cmake_args' from command line to 'None'
[0.599s] Level 5:colcon.colcon_core.verb:set package 'pymoveit2' build argument 'cmake_target' from command line to 'None'
[0.599s] Level 5:colcon.colcon_core.verb:set package 'pymoveit2' build argument 'cmake_target_skip_unavailable' from command line to 'False'
[0.599s] Level 5:colcon.colcon_core.verb:set package 'pymoveit2' build argument 'cmake_clean_cache' from command line to 'False'
[0.599s] Level 5:colcon.colcon_core.verb:set package 'pymoveit2' build argument 'cmake_clean_first' from command line to 'False'
[0.599s] Level 5:colcon.colcon_core.verb:set package 'pymoveit2' build argument 'cmake_force_configure' from command line to 'False'
[0.599s] Level 5:colcon.colcon_core.verb:set package 'pymoveit2' build argument 'ament_cmake_args' from command line to 'None'
[0.599s] Level 5:colcon.colcon_core.verb:set package 'pymoveit2' build argument 'catkin_cmake_args' from command line to 'None'
[0.599s] Level 5:colcon.colcon_core.verb:set package 'pymoveit2' build argument 'catkin_skip_building_tests' from command line to 'False'
[0.599s] DEBUG:colcon.colcon_core.verb:Building package 'pymoveit2' with the following arguments: {'ament_cmake_args': None, 'build_base': '/home/nikolaakrap/zavrsni/build/pymoveit2', 'catkin_cmake_args': None, 'catkin_skip_building_tests': False, 'cmake_args': None, 'cmake_clean_cache': False, 'cmake_clean_first': False, 'cmake_force_configure': False, 'cmake_target': None, 'cmake_target_skip_unavailable': False, 'install_base': '/home/nikolaakrap/zavrsni/install/pymoveit2', 'merge_install': False, 'path': '/home/nikolaakrap/zavrsni/src/pymoveit2', 'symlink_install': False, 'test_result_base': None}
[0.600s] Level 5:colcon.colcon_core.verb:set package 'kamera_tf2_py' build argument 'cmake_args' from command line to 'None'
[0.600s] Level 5:colcon.colcon_core.verb:set package 'kamera_tf2_py' build argument 'cmake_target' from command line to 'None'
[0.600s] Level 5:colcon.colcon_core.verb:set package 'kamera_tf2_py' build argument 'cmake_target_skip_unavailable' from command line to 'False'
[0.600s] Level 5:colcon.colcon_core.verb:set package 'kamera_tf2_py' build argument 'cmake_clean_cache' from command line to 'False'
[0.600s] Level 5:colcon.colcon_core.verb:set package 'kamera_tf2_py' build argument 'cmake_clean_first' from command line to 'False'
[0.600s] Level 5:colcon.colcon_core.verb:set package 'kamera_tf2_py' build argument 'cmake_force_configure' from command line to 'False'
[0.600s] Level 5:colcon.colcon_core.verb:set package 'kamera_tf2_py' build argument 'ament_cmake_args' from command line to 'None'
[0.600s] Level 5:colcon.colcon_core.verb:set package 'kamera_tf2_py' build argument 'catkin_cmake_args' from command line to 'None'
[0.600s] Level 5:colcon.colcon_core.verb:set package 'kamera_tf2_py' build argument 'catkin_skip_building_tests' from command line to 'False'
[0.600s] DEBUG:colcon.colcon_core.verb:Building package 'kamera_tf2_py' with the following arguments: {'ament_cmake_args': None, 'build_base': '/home/nikolaakrap/zavrsni/build/kamera_tf2_py', 'catkin_cmake_args': None, 'catkin_skip_building_tests': False, 'cmake_args': None, 'cmake_clean_cache': False, 'cmake_clean_first': False, 'cmake_force_configure': False, 'cmake_target': None, 'cmake_target_skip_unavailable': False, 'install_base': '/home/nikolaakrap/zavrsni/install/kamera_tf2_py', 'merge_install': False, 'path': '/home/nikolaakrap/zavrsni/src/kamera_tf2_py', 'symlink_install': False, 'test_result_base': None}
[0.600s] INFO:colcon.colcon_core.executor:Executing jobs using 'parallel' executor
[0.602s] DEBUG:colcon.colcon_parallel_executor.executor.parallel:run_until_complete
[0.602s] INFO:colcon.colcon_ros.task.ament_cmake.build:Building ROS package in '/home/nikolaakrap/zavrsni/src/pymoveit2' with build type 'ament_cmake'
[0.602s] INFO:colcon.colcon_cmake.task.cmake.build:Building CMake package in '/home/nikolaakrap/zavrsni/src/pymoveit2'
[0.607s] INFO:colcon.colcon_core.plugin_system:Skipping extension 'colcon_core.shell.bat': Not used on non-Windows systems
[0.607s] INFO:colcon.colcon_core.shell:Skip shell extension 'powershell' for command environment: Not usable outside of PowerShell
[0.607s] DEBUG:colcon.colcon_core.shell:Skip shell extension 'dsv' for command environment
[0.619s] DEBUG:colcon.colcon_core.event_handler.log_command:Invoking command in '/home/nikolaakrap/zavrsni/build/pymoveit2': /usr/bin/cmake --build /home/nikolaakrap/zavrsni/build/pymoveit2 -- -j8 -l8
[1.046s] DEBUG:colcon.colcon_core.event_handler.log_command:Invoked command in '/home/nikolaakrap/zavrsni/build/pymoveit2' returned '0': /usr/bin/cmake --build /home/nikolaakrap/zavrsni/build/pymoveit2 -- -j8 -l8
[1.084s] DEBUG:colcon.colcon_core.event_handler.log_command:Invoking command in '/home/nikolaakrap/zavrsni/build/pymoveit2': /usr/bin/cmake --install /home/nikolaakrap/zavrsni/build/pymoveit2
[1.154s] Level 1:colcon.colcon_core.environment:create_environment_scripts_only(pymoveit2)
[1.155s] DEBUG:colcon.colcon_core.event_handler.log_command:Invoked command in '/home/nikolaakrap/zavrsni/build/pymoveit2' returned '0': /usr/bin/cmake --install /home/nikolaakrap/zavrsni/build/pymoveit2
[1.161s] Level 1:colcon.colcon_core.environment:checking '/home/nikolaakrap/zavrsni/install/pymoveit2' for CMake module files
[1.162s] Level 1:colcon.colcon_core.environment:checking '/home/nikolaakrap/zavrsni/install/pymoveit2' for CMake config files
[1.162s] Level 1:colcon.colcon_core.shell:create_environment_hook('pymoveit2', 'cmake_prefix_path')
[1.163s] INFO:colcon.colcon_core.shell:Creating environment hook '/home/nikolaakrap/zavrsni/install/pymoveit2/share/pymoveit2/hook/cmake_prefix_path.ps1'
[1.164s] INFO:colcon.colcon_core.shell:Creating environment descriptor '/home/nikolaakrap/zavrsni/install/pymoveit2/share/pymoveit2/hook/cmake_prefix_path.dsv'
[1.165s] INFO:colcon.colcon_core.shell:Creating environment hook '/home/nikolaakrap/zavrsni/install/pymoveit2/share/pymoveit2/hook/cmake_prefix_path.sh'
[1.166s] Level 1:colcon.colcon_core.environment:checking '/home/nikolaakrap/zavrsni/install/pymoveit2/lib'
[1.166s] Level 1:colcon.colcon_core.environment:checking '/home/nikolaakrap/zavrsni/install/pymoveit2/bin'
[1.166s] Level 1:colcon.colcon_core.environment:checking '/home/nikolaakrap/zavrsni/install/pymoveit2/lib/pkgconfig/pymoveit2.pc'
[1.169s] Level 1:colcon.colcon_core.environment:checking '/home/nikolaakrap/zavrsni/install/pymoveit2/lib/python3.10/site-packages'
[1.170s] Level 1:colcon.colcon_core.environment:checking '/home/nikolaakrap/zavrsni/install/pymoveit2/bin'
[1.170s] INFO:colcon.colcon_core.shell:Creating package script '/home/nikolaakrap/zavrsni/install/pymoveit2/share/pymoveit2/package.ps1'
[1.172s] INFO:colcon.colcon_core.shell:Creating package descriptor '/home/nikolaakrap/zavrsni/install/pymoveit2/share/pymoveit2/package.dsv'
[1.173s] INFO:colcon.colcon_core.shell:Creating package script '/home/nikolaakrap/zavrsni/install/pymoveit2/share/pymoveit2/package.sh'
[1.175s] INFO:colcon.colcon_core.shell:Creating package script '/home/nikolaakrap/zavrsni/install/pymoveit2/share/pymoveit2/package.bash'
[1.177s] INFO:colcon.colcon_core.shell:Creating package script '/home/nikolaakrap/zavrsni/install/pymoveit2/share/pymoveit2/package.zsh'
[1.179s] Level 1:colcon.colcon_core.environment:create_file_with_runtime_dependencies(/home/nikolaakrap/zavrsni/install/pymoveit2/share/colcon-core/packages/pymoveit2)
[1.211s] Level 1:colcon.colcon_core.environment:create_environment_scripts_only(pymoveit2)
[1.211s] Level 1:colcon.colcon_core.environment:checking '/home/nikolaakrap/zavrsni/install/pymoveit2' for CMake module files
[1.212s] Level 1:colcon.colcon_core.environment:checking '/home/nikolaakrap/zavrsni/install/pymoveit2' for CMake config files
[1.213s] Level 1:colcon.colcon_core.shell:create_environment_hook('pymoveit2', 'cmake_prefix_path')
[1.213s] INFO:colcon.colcon_core.shell:Creating environment hook '/home/nikolaakrap/zavrsni/install/pymoveit2/share/pymoveit2/hook/cmake_prefix_path.ps1'
[1.214s] INFO:colcon.colcon_core.shell:Creating environment descriptor '/home/nikolaakrap/zavrsni/install/pymoveit2/share/pymoveit2/hook/cmake_prefix_path.dsv'
[1.215s] INFO:colcon.colcon_core.shell:Creating environment hook '/home/nikolaakrap/zavrsni/install/pymoveit2/share/pymoveit2/hook/cmake_prefix_path.sh'
[1.216s] Level 1:colcon.colcon_core.environment:checking '/home/nikolaakrap/zavrsni/install/pymoveit2/lib'
[1.216s] Level 1:colcon.colcon_core.environment:checking '/home/nikolaakrap/zavrsni/install/pymoveit2/bin'
[1.216s] Level 1:colcon.colcon_core.environment:checking '/home/nikolaakrap/zavrsni/install/pymoveit2/lib/pkgconfig/pymoveit2.pc'
[1.216s] Level 1:colcon.colcon_core.environment:checking '/home/nikolaakrap/zavrsni/install/pymoveit2/lib/python3.10/site-packages'
[1.217s] Level 1:colcon.colcon_core.environment:checking '/home/nikolaakrap/zavrsni/install/pymoveit2/bin'
[1.217s] INFO:colcon.colcon_core.shell:Creating package script '/home/nikolaakrap/zavrsni/install/pymoveit2/share/pymoveit2/package.ps1'
[1.218s] INFO:colcon.colcon_core.shell:Creating package descriptor '/home/nikolaakrap/zavrsni/install/pymoveit2/share/pymoveit2/package.dsv'
[1.219s] INFO:colcon.colcon_core.shell:Creating package script '/home/nikolaakrap/zavrsni/install/pymoveit2/share/pymoveit2/package.sh'
[1.220s] INFO:colcon.colcon_core.shell:Creating package script '/home/nikolaakrap/zavrsni/install/pymoveit2/share/pymoveit2/package.bash'
[1.221s] INFO:colcon.colcon_core.shell:Creating package script '/home/nikolaakrap/zavrsni/install/pymoveit2/share/pymoveit2/package.zsh'
[1.221s] Level 1:colcon.colcon_core.environment:create_file_with_runtime_dependencies(/home/nikolaakrap/zavrsni/install/pymoveit2/share/colcon-core/packages/pymoveit2)
[1.222s] INFO:colcon.colcon_ros.task.ament_python.build:Building ROS package in '/home/nikolaakrap/zavrsni/src/kamera_tf2_py' with build type 'ament_python'
[1.223s] Level 1:colcon.colcon_core.shell:create_environment_hook('kamera_tf2_py', 'ament_prefix_path')
[1.223s] INFO:colcon.colcon_core.shell:Creating environment hook '/home/nikolaakrap/zavrsni/install/kamera_tf2_py/share/kamera_tf2_py/hook/ament_prefix_path.ps1'
[1.225s] INFO:colcon.colcon_core.shell:Creating environment descriptor '/home/nikolaakrap/zavrsni/install/kamera_tf2_py/share/kamera_tf2_py/hook/ament_prefix_path.dsv'
[1.226s] INFO:colcon.colcon_core.shell:Creating environment hook '/home/nikolaakrap/zavrsni/install/kamera_tf2_py/share/kamera_tf2_py/hook/ament_prefix_path.sh'
[1.227s] INFO:colcon.colcon_core.shell:Skip shell extension 'powershell' for command environment: Not usable outside of PowerShell
[1.227s] DEBUG:colcon.colcon_core.shell:Skip shell extension 'dsv' for command environment
[1.508s] INFO:colcon.colcon_core.task.python.build:Building Python package in '/home/nikolaakrap/zavrsni/src/kamera_tf2_py'
[1.509s] INFO:colcon.colcon_core.shell:Skip shell extension 'powershell' for command environment: Not usable outside of PowerShell
[1.509s] DEBUG:colcon.colcon_core.shell:Skip shell extension 'dsv' for command environment
[2.014s] DEBUG:colcon.colcon_core.event_handler.log_command:Invoking command in '/home/nikolaakrap/zavrsni/src/kamera_tf2_py': AMENT_PREFIX_PATH=/home/nikolaakrap/zavrsni/install/pymoveit2 CMAKE_PREFIX_PATH=/home/nikolaakrap/zavrsni/install/pymoveit2 PYTHONPATH=/home/nikolaakrap/zavrsni/build/kamera_tf2_py/prefix_override:/usr/lib/python3/dist-packages/colcon_core/task/python/colcon_distutils_commands:/home/nikolaakrap/zavrsni/install/kamera_tf2_py/lib/python3.10/site-packages:/home/nikolaakrap/zavrsni/install/pymoveit2/local/lib/python3.10/dist-packages /usr/bin/python3 -W ignore:setup.py install is deprecated setup.py egg_info --egg-base ../../build/kamera_tf2_py build --build-base /home/nikolaakrap/zavrsni/build/kamera_tf2_py/build install --record /home/nikolaakrap/zavrsni/build/kamera_tf2_py/install.log --single-version-externally-managed install_data
[2.337s] Level 1:colcon.colcon_core.environment:checking '/home/nikolaakrap/zavrsni/install/kamera_tf2_py' for CMake module files
[2.339s] DEBUG:colcon.colcon_core.event_handler.log_command:Invoked command in '/home/nikolaakrap/zavrsni/src/kamera_tf2_py' returned '0': AMENT_PREFIX_PATH=/home/nikolaakrap/zavrsni/install/pymoveit2 CMAKE_PREFIX_PATH=/home/nikolaakrap/zavrsni/install/pymoveit2 PYTHONPATH=/home/nikolaakrap/zavrsni/build/kamera_tf2_py/prefix_override:/usr/lib/python3/dist-packages/colcon_core/task/python/colcon_distutils_commands:/home/nikolaakrap/zavrsni/install/kamera_tf2_py/lib/python3.10/site-packages:/home/nikolaakrap/zavrsni/install/pymoveit2/local/lib/python3.10/dist-packages /usr/bin/python3 -W ignore:setup.py install is deprecated setup.py egg_info --egg-base ../../build/kamera_tf2_py build --build-base /home/nikolaakrap/zavrsni/build/kamera_tf2_py/build install --record /home/nikolaakrap/zavrsni/build/kamera_tf2_py/install.log --single-version-externally-managed install_data
[2.340s] Level 1:colcon.colcon_core.environment:checking '/home/nikolaakrap/zavrsni/install/kamera_tf2_py' for CMake config files
[2.342s] Level 1:colcon.colcon_core.environment:checking '/home/nikolaakrap/zavrsni/install/kamera_tf2_py/lib'
[2.342s] Level 1:colcon.colcon_core.environment:checking '/home/nikolaakrap/zavrsni/install/kamera_tf2_py/bin'
[2.342s] Level 1:colcon.colcon_core.environment:checking '/home/nikolaakrap/zavrsni/install/kamera_tf2_py/lib/pkgconfig/kamera_tf2_py.pc'
[2.342s] Level 1:colcon.colcon_core.environment:checking '/home/nikolaakrap/zavrsni/install/kamera_tf2_py/lib/python3.10/site-packages'
[2.343s] Level 1:colcon.colcon_core.shell:create_environment_hook('kamera_tf2_py', 'pythonpath')
[2.343s] INFO:colcon.colcon_core.shell:Creating environment hook '/home/nikolaakrap/zavrsni/install/kamera_tf2_py/share/kamera_tf2_py/hook/pythonpath.ps1'
[2.344s] INFO:colcon.colcon_core.shell:Creating environment descriptor '/home/nikolaakrap/zavrsni/install/kamera_tf2_py/share/kamera_tf2_py/hook/pythonpath.dsv'
[2.344s] INFO:colcon.colcon_core.shell:Creating environment hook '/home/nikolaakrap/zavrsni/install/kamera_tf2_py/share/kamera_tf2_py/hook/pythonpath.sh'
[2.345s] Level 1:colcon.colcon_core.environment:checking '/home/nikolaakrap/zavrsni/install/kamera_tf2_py/bin'
[2.346s] Level 1:colcon.colcon_core.environment:create_environment_scripts_only(kamera_tf2_py)
[2.346s] INFO:colcon.colcon_core.shell:Creating package script '/home/nikolaakrap/zavrsni/install/kamera_tf2_py/share/kamera_tf2_py/package.ps1'
[2.347s] INFO:colcon.colcon_core.shell:Creating package descriptor '/home/nikolaakrap/zavrsni/install/kamera_tf2_py/share/kamera_tf2_py/package.dsv'
[2.348s] INFO:colcon.colcon_core.shell:Creating package script '/home/nikolaakrap/zavrsni/install/kamera_tf2_py/share/kamera_tf2_py/package.sh'
[2.349s] INFO:colcon.colcon_core.shell:Creating package script '/home/nikolaakrap/zavrsni/install/kamera_tf2_py/share/kamera_tf2_py/package.bash'
[2.349s] INFO:colcon.colcon_core.shell:Creating package script '/home/nikolaakrap/zavrsni/install/kamera_tf2_py/share/kamera_tf2_py/package.zsh'
[2.350s] Level 1:colcon.colcon_core.environment:create_file_with_runtime_dependencies(/home/nikolaakrap/zavrsni/install/kamera_tf2_py/share/colcon-core/packages/kamera_tf2_py)
[2.351s] DEBUG:colcon.colcon_parallel_executor.executor.parallel:closing loop
[2.351s] DEBUG:colcon.colcon_parallel_executor.executor.parallel:loop closed
[2.352s] DEBUG:colcon.colcon_parallel_executor.executor.parallel:run_until_complete finished with '0'
[2.352s] DEBUG:colcon.colcon_core.event_reactor:joining thread
[2.363s] INFO:colcon.colcon_core.plugin_system:Skipping extension 'colcon_notification.desktop_notification.terminal_notifier': Not used on non-Darwin systems
[2.363s] INFO:colcon.colcon_core.plugin_system:Skipping extension 'colcon_notification.desktop_notification.win32': Not used on non-Windows systems
[2.363s] INFO:colcon.colcon_notification.desktop_notification:Sending desktop notification using 'notify2'
[2.367s] DEBUG:colcon.colcon_notification.desktop_notification.notify2:Failed to initialize notify2: org.freedesktop.DBus.Error.Spawn.ExecFailed: /usr/bin/dbus-launch terminated abnormally without any error message
[2.367s] DEBUG:colcon.colcon_core.event_reactor:joined thread
[2.368s] INFO:colcon.colcon_core.shell:Creating prefix script '/home/nikolaakrap/zavrsni/install/local_setup.ps1'
[2.371s] INFO:colcon.colcon_core.shell:Creating prefix util module '/home/nikolaakrap/zavrsni/install/_local_setup_util_ps1.py'
[2.374s] INFO:colcon.colcon_core.shell:Creating prefix chain script '/home/nikolaakrap/zavrsni/install/setup.ps1'
[2.376s] INFO:colcon.colcon_core.shell:Creating prefix script '/home/nikolaakrap/zavrsni/install/local_setup.sh'
[2.378s] INFO:colcon.colcon_core.shell:Creating prefix util module '/home/nikolaakrap/zavrsni/install/_local_setup_util_sh.py'
[2.379s] INFO:colcon.colcon_core.shell:Creating prefix chain script '/home/nikolaakrap/zavrsni/install/setup.sh'
[2.381s] INFO:colcon.colcon_core.shell:Creating prefix script '/home/nikolaakrap/zavrsni/install/local_setup.bash'
[2.382s] INFO:colcon.colcon_core.shell:Creating prefix chain script '/home/nikolaakrap/zavrsni/install/setup.bash'
[2.384s] INFO:colcon.colcon_core.shell:Creating prefix script '/home/nikolaakrap/zavrsni/install/local_setup.zsh'
[2.386s] INFO:colcon.colcon_core.shell:Creating prefix chain script '/home/nikolaakrap/zavrsni/install/setup.zsh'
