/home/nikolaakrap/zavrsni/install/kamera_tf2_py/lib/python3.10/site-packages/kamera_tf2_py/move_robot.py
/home/nikolaakrap/zavrsni/install/kamera_tf2_py/lib/python3.10/site-packages/kamera_tf2_py/__init__.py
/home/nikolaakrap/zavrsni/install/kamera_tf2_py/lib/python3.10/site-packages/kamera_tf2_py/kamera_tf2.py
/home/nikolaakrap/zavrsni/install/kamera_tf2_py/lib/python3.10/site-packages/kamera_tf2_py/static_marker.py
/home/nikolaakrap/zavrsni/install/kamera_tf2_py/lib/python3.10/site-packages/kamera_tf2_py/gather_info.py
/home/nikolaakrap/zavrsni/install/kamera_tf2_py/lib/python3.10/site-packages/kamera_tf2_py/__pycache__/move_robot.cpython-310.pyc
/home/nikolaakrap/zavrsni/install/kamera_tf2_py/lib/python3.10/site-packages/kamera_tf2_py/__pycache__/__init__.cpython-310.pyc
/home/nikolaakrap/zavrsni/install/kamera_tf2_py/lib/python3.10/site-packages/kamera_tf2_py/__pycache__/kamera_tf2.cpython-310.pyc
/home/nikolaakrap/zavrsni/install/kamera_tf2_py/lib/python3.10/site-packages/kamera_tf2_py/__pycache__/static_marker.cpython-310.pyc
/home/nikolaakrap/zavrsni/install/kamera_tf2_py/lib/python3.10/site-packages/kamera_tf2_py/__pycache__/gather_info.cpython-310.pyc
/home/nikolaakrap/zavrsni/install/kamera_tf2_py/share/ament_index/resource_index/packages/kamera_tf2_py
/home/nikolaakrap/zavrsni/install/kamera_tf2_py/share/kamera_tf2_py/package.xml
/home/nikolaakrap/zavrsni/install/kamera_tf2_py/share/kamera_tf2_py/launch/kamera_tf2.launch.py
/home/nikolaakrap/zavrsni/install/kamera_tf2_py/share/kamera_tf2_py
/home/nikolaakrap/zavrsni/install/kamera_tf2_py/lib/python3.10/site-packages/kamera_tf2_py-0.0.0-py3.10.egg-info/SOURCES.txt
/home/nikolaakrap/zavrsni/install/kamera_tf2_py/lib/python3.10/site-packages/kamera_tf2_py-0.0.0-py3.10.egg-info/requires.txt
/home/nikolaakrap/zavrsni/install/kamera_tf2_py/lib/python3.10/site-packages/kamera_tf2_py-0.0.0-py3.10.egg-info/dependency_links.txt
/home/nikolaakrap/zavrsni/install/kamera_tf2_py/lib/python3.10/site-packages/kamera_tf2_py-0.0.0-py3.10.egg-info/PKG-INFO
/home/nikolaakrap/zavrsni/install/kamera_tf2_py/lib/python3.10/site-packages/kamera_tf2_py-0.0.0-py3.10.egg-info/zip-safe
/home/nikolaakrap/zavrsni/install/kamera_tf2_py/lib/python3.10/site-packages/kamera_tf2_py-0.0.0-py3.10.egg-info/top_level.txt
/home/nikolaakrap/zavrsni/install/kamera_tf2_py/lib/python3.10/site-packages/kamera_tf2_py-0.0.0-py3.10.egg-info/entry_points.txt
/home/nikolaakrap/zavrsni/install/kamera_tf2_py/lib/kamera_tf2_py/gather_info
/home/nikolaakrap/zavrsni/install/kamera_tf2_py/lib/kamera_tf2_py/kamera_tf2
/home/nikolaakrap/zavrsni/install/kamera_tf2_py/lib/kamera_tf2_py/move_robot
/home/nikolaakrap/zavrsni/install/kamera_tf2_py/lib/kamera_tf2_py/static_marker
