running egg_info
creating ../../build/kamera_tf2_py/kamera_tf2_py.egg-info
writing ../../build/kamera_tf2_py/kamera_tf2_py.egg-info/PKG-INFO
writing dependency_links to ../../build/kamera_tf2_py/kamera_tf2_py.egg-info/dependency_links.txt
writing entry points to ../../build/kamera_tf2_py/kamera_tf2_py.egg-info/entry_points.txt
writing requirements to ../../build/kamera_tf2_py/kamera_tf2_py.egg-info/requires.txt
writing top-level names to ../../build/kamera_tf2_py/kamera_tf2_py.egg-info/top_level.txt
writing manifest file '../../build/kamera_tf2_py/kamera_tf2_py.egg-info/SOURCES.txt'
reading manifest file '../../build/kamera_tf2_py/kamera_tf2_py.egg-info/SOURCES.txt'
adding license file 'LICENSE'
writing manifest file '../../build/kamera_tf2_py/kamera_tf2_py.egg-info/SOURCES.txt'
running build
running build_py
creating /home/nikolaakrap/zavrsni/build/kamera_tf2_py/build
creating /home/nikolaakrap/zavrsni/build/kamera_tf2_py/build/lib
creating /home/nikolaakrap/zavrsni/build/kamera_tf2_py/build/lib/kamera_tf2_py
copying kamera_tf2_py/move_robot.py -> /home/nikolaakrap/zavrsni/build/kamera_tf2_py/build/lib/kamera_tf2_py
copying kamera_tf2_py/__init__.py -> /home/nikolaakrap/zavrsni/build/kamera_tf2_py/build/lib/kamera_tf2_py
copying kamera_tf2_py/kamera_tf2.py -> /home/nikolaakrap/zavrsni/build/kamera_tf2_py/build/lib/kamera_tf2_py
copying kamera_tf2_py/static_marker.py -> /home/nikolaakrap/zavrsni/build/kamera_tf2_py/build/lib/kamera_tf2_py
running install
running install_lib
creating /home/nikolaakrap/zavrsni/install/kamera_tf2_py/lib/python3.10/site-packages/kamera_tf2_py
copying /home/nikolaakrap/zavrsni/build/kamera_tf2_py/build/lib/kamera_tf2_py/move_robot.py -> /home/nikolaakrap/zavrsni/install/kamera_tf2_py/lib/python3.10/site-packages/kamera_tf2_py
copying /home/nikolaakrap/zavrsni/build/kamera_tf2_py/build/lib/kamera_tf2_py/__init__.py -> /home/nikolaakrap/zavrsni/install/kamera_tf2_py/lib/python3.10/site-packages/kamera_tf2_py
copying /home/nikolaakrap/zavrsni/build/kamera_tf2_py/build/lib/kamera_tf2_py/kamera_tf2.py -> /home/nikolaakrap/zavrsni/install/kamera_tf2_py/lib/python3.10/site-packages/kamera_tf2_py
copying /home/nikolaakrap/zavrsni/build/kamera_tf2_py/build/lib/kamera_tf2_py/static_marker.py -> /home/nikolaakrap/zavrsni/install/kamera_tf2_py/lib/python3.10/site-packages/kamera_tf2_py
byte-compiling /home/nikolaakrap/zavrsni/install/kamera_tf2_py/lib/python3.10/site-packages/kamera_tf2_py/move_robot.py to move_robot.cpython-310.pyc
byte-compiling /home/nikolaakrap/zavrsni/install/kamera_tf2_py/lib/python3.10/site-packages/kamera_tf2_py/__init__.py to __init__.cpython-310.pyc
byte-compiling /home/nikolaakrap/zavrsni/install/kamera_tf2_py/lib/python3.10/site-packages/kamera_tf2_py/kamera_tf2.py to kamera_tf2.cpython-310.pyc
byte-compiling /home/nikolaakrap/zavrsni/install/kamera_tf2_py/lib/python3.10/site-packages/kamera_tf2_py/static_marker.py to static_marker.cpython-310.pyc
running install_data
creating /home/nikolaakrap/zavrsni/install/kamera_tf2_py/share/ament_index
creating /home/nikolaakrap/zavrsni/install/kamera_tf2_py/share/ament_index/resource_index
creating /home/nikolaakrap/zavrsni/install/kamera_tf2_py/share/ament_index/resource_index/packages
copying resource/kamera_tf2_py -> /home/nikolaakrap/zavrsni/install/kamera_tf2_py/share/ament_index/resource_index/packages
copying package.xml -> /home/nikolaakrap/zavrsni/install/kamera_tf2_py/share/kamera_tf2_py
creating /home/nikolaakrap/zavrsni/install/kamera_tf2_py/share/kamera_tf2_py/launch
copying launch/kamera_tf2.launch.py -> /home/nikolaakrap/zavrsni/install/kamera_tf2_py/share/kamera_tf2_py/launch
running install_egg_info
Copying ../../build/kamera_tf2_py/kamera_tf2_py.egg-info to /home/nikolaakrap/zavrsni/install/kamera_tf2_py/lib/python3.10/site-packages/kamera_tf2_py-0.0.0-py3.10.egg-info
running install_scripts
Installing kamera_tf2 script to /home/nikolaakrap/zavrsni/install/kamera_tf2_py/lib/kamera_tf2_py
Installing move_robot script to /home/nikolaakrap/zavrsni/install/kamera_tf2_py/lib/kamera_tf2_py
Installing static_marker script to /home/nikolaakrap/zavrsni/install/kamera_tf2_py/lib/kamera_tf2_py
writing list of installed files to '/home/nikolaakrap/zavrsni/build/kamera_tf2_py/install.log'
