[0.008s] Invoking command in '/home/nikolaakrap/zavrsni/build/pymoveit2': /usr/bin/cmake --build /home/nikolaakrap/zavrsni/build/pymoveit2 -- -j8 -l8
[0.052s] Built target ament_cmake_python_copy_pymoveit2
[0.197s] running egg_info
[0.197s] writing pymoveit2.egg-info/PKG-INFO
[0.198s] writing dependency_links to pymoveit2.egg-info/dependency_links.txt
[0.198s] writing top-level names to pymoveit2.egg-info/top_level.txt
[0.199s] reading manifest file 'pymoveit2.egg-info/SOURCES.txt'
[0.200s] writing manifest file 'pymoveit2.egg-info/SOURCES.txt'
[0.230s] Built target ament_cmake_python_build_pymoveit2_egg
[0.247s] Invoked command in '/home/nikolaakrap/zavrsni/build/pymoveit2' returned '0': /usr/bin/cmake --build /home/nikolaakrap/zavrsni/build/pymoveit2 -- -j8 -l8
[0.276s] Invoking command in '/home/nikolaakrap/zavrsni/build/pymoveit2': /usr/bin/cmake --install /home/nikolaakrap/zavrsni/build/pymoveit2
[0.286s] -- Install configuration: ""
[0.286s] -- Up-to-date: /home/nikolaakrap/zavrsni/install/pymoveit2/share/pymoveit2/environment/pythonpath.sh
[0.286s] -- Up-to-date: /home/nikolaakrap/zavrsni/install/pymoveit2/share/pymoveit2/environment/pythonpath.dsv
[0.287s] -- Up-to-date: /home/nikolaakrap/zavrsni/install/pymoveit2/local/lib/python3.10/dist-packages/pymoveit2-4.0.0-py3.10.egg-info
[0.287s] -- Installing: /home/nikolaakrap/zavrsni/install/pymoveit2/local/lib/python3.10/dist-packages/pymoveit2-4.0.0-py3.10.egg-info/SOURCES.txt
[0.287s] -- Installing: /home/nikolaakrap/zavrsni/install/pymoveit2/local/lib/python3.10/dist-packages/pymoveit2-4.0.0-py3.10.egg-info/dependency_links.txt
[0.287s] -- Installing: /home/nikolaakrap/zavrsni/install/pymoveit2/local/lib/python3.10/dist-packages/pymoveit2-4.0.0-py3.10.egg-info/PKG-INFO
[0.287s] -- Installing: /home/nikolaakrap/zavrsni/install/pymoveit2/local/lib/python3.10/dist-packages/pymoveit2-4.0.0-py3.10.egg-info/top_level.txt
[0.287s] -- Up-to-date: /home/nikolaakrap/zavrsni/install/pymoveit2/local/lib/python3.10/dist-packages/pymoveit2
[0.287s] -- Up-to-date: /home/nikolaakrap/zavrsni/install/pymoveit2/local/lib/python3.10/dist-packages/pymoveit2/moveit2_gripper.py
[0.287s] -- Up-to-date: /home/nikolaakrap/zavrsni/install/pymoveit2/local/lib/python3.10/dist-packages/pymoveit2/__init__.py
[0.287s] -- Up-to-date: /home/nikolaakrap/zavrsni/install/pymoveit2/local/lib/python3.10/dist-packages/pymoveit2/gripper_interface.py
[0.287s] -- Up-to-date: /home/nikolaakrap/zavrsni/install/pymoveit2/local/lib/python3.10/dist-packages/pymoveit2/moveit2.py
[0.287s] -- Up-to-date: /home/nikolaakrap/zavrsni/install/pymoveit2/local/lib/python3.10/dist-packages/pymoveit2/robots
[0.287s] -- Up-to-date: /home/nikolaakrap/zavrsni/install/pymoveit2/local/lib/python3.10/dist-packages/pymoveit2/robots/phantomx_pincher.py
[0.287s] -- Up-to-date: /home/nikolaakrap/zavrsni/install/pymoveit2/local/lib/python3.10/dist-packages/pymoveit2/robots/panda.py
[0.288s] -- Up-to-date: /home/nikolaakrap/zavrsni/install/pymoveit2/local/lib/python3.10/dist-packages/pymoveit2/robots/kinova.py
[0.288s] -- Up-to-date: /home/nikolaakrap/zavrsni/install/pymoveit2/local/lib/python3.10/dist-packages/pymoveit2/robots/__init__.py
[0.288s] -- Up-to-date: /home/nikolaakrap/zavrsni/install/pymoveit2/local/lib/python3.10/dist-packages/pymoveit2/robots/crane_x7.py
[0.288s] -- Up-to-date: /home/nikolaakrap/zavrsni/install/pymoveit2/local/lib/python3.10/dist-packages/pymoveit2/robots/lbr.py
[0.288s] -- Up-to-date: /home/nikolaakrap/zavrsni/install/pymoveit2/local/lib/python3.10/dist-packages/pymoveit2/gripper_command.py
[0.288s] -- Up-to-date: /home/nikolaakrap/zavrsni/install/pymoveit2/local/lib/python3.10/dist-packages/pymoveit2/moveit2_servo.py
[0.307s] Listing '/home/nikolaakrap/zavrsni/install/pymoveit2/local/lib/python3.10/dist-packages/pymoveit2'...
[0.308s] Listing '/home/nikolaakrap/zavrsni/install/pymoveit2/local/lib/python3.10/dist-packages/pymoveit2/robots'...
[0.311s] -- Up-to-date: /home/nikolaakrap/zavrsni/install/pymoveit2/lib/pymoveit2/ex_allow_collisions.py
[0.311s] -- Up-to-date: /home/nikolaakrap/zavrsni/install/pymoveit2/lib/pymoveit2/ex_clear_planning_scene.py
[0.311s] -- Up-to-date: /home/nikolaakrap/zavrsni/install/pymoveit2/lib/pymoveit2/ex_collision_mesh.py
[0.311s] -- Up-to-date: /home/nikolaakrap/zavrsni/install/pymoveit2/lib/pymoveit2/ex_collision_primitive.py
[0.312s] -- Up-to-date: /home/nikolaakrap/zavrsni/install/pymoveit2/lib/pymoveit2/ex_fk.py
[0.312s] -- Up-to-date: /home/nikolaakrap/zavrsni/install/pymoveit2/lib/pymoveit2/ex_gripper.py
[0.312s] -- Up-to-date: /home/nikolaakrap/zavrsni/install/pymoveit2/lib/pymoveit2/ex_ik.py
[0.312s] -- Up-to-date: /home/nikolaakrap/zavrsni/install/pymoveit2/lib/pymoveit2/ex_joint_goal.py
[0.312s] -- Up-to-date: /home/nikolaakrap/zavrsni/install/pymoveit2/lib/pymoveit2/ex_orientation_path_constraint.py
[0.312s] -- Up-to-date: /home/nikolaakrap/zavrsni/install/pymoveit2/lib/pymoveit2/ex_pose_goal.py
[0.312s] -- Up-to-date: /home/nikolaakrap/zavrsni/install/pymoveit2/lib/pymoveit2/ex_servo.py
[0.313s] -- Up-to-date: /home/nikolaakrap/zavrsni/install/pymoveit2/share/ament_index/resource_index/package_run_dependencies/pymoveit2
[0.313s] -- Up-to-date: /home/nikolaakrap/zavrsni/install/pymoveit2/share/ament_index/resource_index/parent_prefix_path/pymoveit2
[0.313s] -- Up-to-date: /home/nikolaakrap/zavrsni/install/pymoveit2/share/pymoveit2/environment/ament_prefix_path.sh
[0.313s] -- Up-to-date: /home/nikolaakrap/zavrsni/install/pymoveit2/share/pymoveit2/environment/ament_prefix_path.dsv
[0.313s] -- Up-to-date: /home/nikolaakrap/zavrsni/install/pymoveit2/share/pymoveit2/environment/path.sh
[0.313s] -- Up-to-date: /home/nikolaakrap/zavrsni/install/pymoveit2/share/pymoveit2/environment/path.dsv
[0.313s] -- Up-to-date: /home/nikolaakrap/zavrsni/install/pymoveit2/share/pymoveit2/local_setup.bash
[0.313s] -- Up-to-date: /home/nikolaakrap/zavrsni/install/pymoveit2/share/pymoveit2/local_setup.sh
[0.314s] -- Up-to-date: /home/nikolaakrap/zavrsni/install/pymoveit2/share/pymoveit2/local_setup.zsh
[0.314s] -- Up-to-date: /home/nikolaakrap/zavrsni/install/pymoveit2/share/pymoveit2/local_setup.dsv
[0.314s] -- Installing: /home/nikolaakrap/zavrsni/install/pymoveit2/share/pymoveit2/package.dsv
[0.314s] -- Up-to-date: /home/nikolaakrap/zavrsni/install/pymoveit2/share/ament_index/resource_index/packages/pymoveit2
[0.314s] -- Up-to-date: /home/nikolaakrap/zavrsni/install/pymoveit2/share/pymoveit2/cmake/pymoveit2Config.cmake
[0.314s] -- Up-to-date: /home/nikolaakrap/zavrsni/install/pymoveit2/share/pymoveit2/cmake/pymoveit2Config-version.cmake
[0.314s] -- Up-to-date: /home/nikolaakrap/zavrsni/install/pymoveit2/share/pymoveit2/package.xml
[0.316s] Invoked command in '/home/nikolaakrap/zavrsni/build/pymoveit2' returned '0': /usr/bin/cmake --install /home/nikolaakrap/zavrsni/build/pymoveit2
