[0.513s] Invoking command in '/home/nikolaakrap/zavrsni/src/kamera_tf2_py': AMENT_PREFIX_PATH=/home/nikolaakrap/zavrsni/install/pymoveit2 CMAKE_PREFIX_PATH=/home/nikolaakrap/zavrsni/install/pymoveit2 PYTHONPATH=/home/nikolaakrap/zavrsni/build/kamera_tf2_py/prefix_override:/usr/lib/python3/dist-packages/colcon_core/task/python/colcon_distutils_commands:/home/nikolaakrap/zavrsni/install/kamera_tf2_py/lib/python3.10/site-packages:/home/nikolaakrap/zavrsni/install/pymoveit2/local/lib/python3.10/dist-packages /usr/bin/python3 -W ignore:setup.py install is deprecated setup.py egg_info --egg-base ../../build/kamera_tf2_py build --build-base /home/nikolaakrap/zavrsni/build/kamera_tf2_py/build install --record /home/nikolaakrap/zavrsni/build/kamera_tf2_py/install.log --single-version-externally-managed install_data
[0.690s] running egg_info
[0.690s] writing ../../build/kamera_tf2_py/kamera_tf2_py.egg-info/PKG-INFO
[0.690s] writing dependency_links to ../../build/kamera_tf2_py/kamera_tf2_py.egg-info/dependency_links.txt
[0.691s] writing entry points to ../../build/kamera_tf2_py/kamera_tf2_py.egg-info/entry_points.txt
[0.691s] writing requirements to ../../build/kamera_tf2_py/kamera_tf2_py.egg-info/requires.txt
[0.691s] writing top-level names to ../../build/kamera_tf2_py/kamera_tf2_py.egg-info/top_level.txt
[0.693s] reading manifest file '../../build/kamera_tf2_py/kamera_tf2_py.egg-info/SOURCES.txt'
[0.693s] adding license file 'LICENSE'
[0.694s] writing manifest file '../../build/kamera_tf2_py/kamera_tf2_py.egg-info/SOURCES.txt'
[0.694s] running build
[0.694s] running build_py
[0.694s] running install
[0.695s] running install_lib
[0.696s] running install_data
[0.696s] running install_egg_info
[0.698s] removing '/home/nikolaakrap/zavrsni/install/kamera_tf2_py/lib/python3.10/site-packages/kamera_tf2_py-0.0.0-py3.10.egg-info' (and everything under it)
[0.698s] Copying ../../build/kamera_tf2_py/kamera_tf2_py.egg-info to /home/nikolaakrap/zavrsni/install/kamera_tf2_py/lib/python3.10/site-packages/kamera_tf2_py-0.0.0-py3.10.egg-info
[0.698s] running install_scripts
[0.718s] Installing kamera_tf2 script to /home/nikolaakrap/zavrsni/install/kamera_tf2_py/lib/kamera_tf2_py
[0.718s] Installing move_robot script to /home/nikolaakrap/zavrsni/install/kamera_tf2_py/lib/kamera_tf2_py
[0.718s] Installing static_marker script to /home/nikolaakrap/zavrsni/install/kamera_tf2_py/lib/kamera_tf2_py
[0.718s] writing list of installed files to '/home/nikolaakrap/zavrsni/build/kamera_tf2_py/install.log'
[0.754s] Invoked command in '/home/nikolaakrap/zavrsni/src/kamera_tf2_py' returned '0': AMENT_PREFIX_PATH=/home/nikolaakrap/zavrsni/install/pymoveit2 CMAKE_PREFIX_PATH=/home/nikolaakrap/zavrsni/install/pymoveit2 PYTHONPATH=/home/nikolaakrap/zavrsni/build/kamera_tf2_py/prefix_override:/usr/lib/python3/dist-packages/colcon_core/task/python/colcon_distutils_commands:/home/nikolaakrap/zavrsni/install/kamera_tf2_py/lib/python3.10/site-packages:/home/nikolaakrap/zavrsni/install/pymoveit2/local/lib/python3.10/dist-packages /usr/bin/python3 -W ignore:setup.py install is deprecated setup.py egg_info --egg-base ../../build/kamera_tf2_py build --build-base /home/nikolaakrap/zavrsni/build/kamera_tf2_py/build install --record /home/nikolaakrap/zavrsni/build/kamera_tf2_py/install.log --single-version-externally-managed install_data
