[0.612s] Invoking command in '/home/nikolaakrap/zavrsni/src/kamera_tf2_py': PYTHONPATH=/home/nikolaakrap/zavrsni/build/kamera_tf2_py/prefix_override:/usr/lib/python3/dist-packages/colcon_core/task/python/colcon_distutils_commands:/home/nikolaakrap/zavrsni/install/kamera_tf2_py/lib/python3.10/site-packages:${PYTHONPATH} /usr/bin/python3 -W ignore:setup.py install is deprecated setup.py egg_info --egg-base ../../build/kamera_tf2_py build --build-base /home/nikolaakrap/zavrsni/build/kamera_tf2_py/build install --record /home/nikolaakrap/zavrsni/build/kamera_tf2_py/install.log --single-version-externally-managed install_data
[0.831s] running egg_info
[0.832s] writing ../../build/kamera_tf2_py/kamera_tf2_py.egg-info/PKG-INFO
[0.832s] writing dependency_links to ../../build/kamera_tf2_py/kamera_tf2_py.egg-info/dependency_links.txt
[0.832s] writing entry points to ../../build/kamera_tf2_py/kamera_tf2_py.egg-info/entry_points.txt
[0.832s] writing requirements to ../../build/kamera_tf2_py/kamera_tf2_py.egg-info/requires.txt
[0.833s] writing top-level names to ../../build/kamera_tf2_py/kamera_tf2_py.egg-info/top_level.txt
[0.835s] reading manifest file '../../build/kamera_tf2_py/kamera_tf2_py.egg-info/SOURCES.txt'
[0.835s] adding license file 'LICENSE'
[0.835s] writing manifest file '../../build/kamera_tf2_py/kamera_tf2_py.egg-info/SOURCES.txt'
[0.836s] running build
[0.836s] running build_py
[0.836s] running install
[0.836s] running install_lib
[0.838s] running install_data
[0.838s] running install_egg_info
[0.839s] removing '/home/nikolaakrap/zavrsni/install/kamera_tf2_py/lib/python3.10/site-packages/kamera_tf2_py-0.0.0-py3.10.egg-info' (and everything under it)
[0.839s] Copying ../../build/kamera_tf2_py/kamera_tf2_py.egg-info to /home/nikolaakrap/zavrsni/install/kamera_tf2_py/lib/python3.10/site-packages/kamera_tf2_py-0.0.0-py3.10.egg-info
[0.840s] running install_scripts
[0.858s] Installing kamera_tf2 script to /home/nikolaakrap/zavrsni/install/kamera_tf2_py/lib/kamera_tf2_py
[0.858s] Installing move_robot script to /home/nikolaakrap/zavrsni/install/kamera_tf2_py/lib/kamera_tf2_py
[0.859s] Installing static_marker script to /home/nikolaakrap/zavrsni/install/kamera_tf2_py/lib/kamera_tf2_py
[0.859s] writing list of installed files to '/home/nikolaakrap/zavrsni/build/kamera_tf2_py/install.log'
[0.891s] Invoked command in '/home/nikolaakrap/zavrsni/src/kamera_tf2_py' returned '0': PYTHONPATH=/home/nikolaakrap/zavrsni/build/kamera_tf2_py/prefix_override:/usr/lib/python3/dist-packages/colcon_core/task/python/colcon_distutils_commands:/home/nikolaakrap/zavrsni/install/kamera_tf2_py/lib/python3.10/site-packages:${PYTHONPATH} /usr/bin/python3 -W ignore:setup.py install is deprecated setup.py egg_info --egg-base ../../build/kamera_tf2_py build --build-base /home/nikolaakrap/zavrsni/build/kamera_tf2_py/build install --record /home/nikolaakrap/zavrsni/build/kamera_tf2_py/install.log --single-version-externally-managed install_data
