[0.613s] Invoking command in '/home/nikolaakrap/zavrsni/src/kamera_tf2_py': AMENT_PREFIX_PATH=/home/nikolaakrap/zavrsni/install/pymoveit2:${AMENT_PREFIX_PATH} CMAKE_PREFIX_PATH=/home/nikolaakrap/zavrsni/install/pymoveit2:${CMAKE_PREFIX_PATH} PYTHONPATH=/home/nikolaakrap/zavrsni/build/kamera_tf2_py/prefix_override:/usr/lib/python3/dist-packages/colcon_core/task/python/colcon_distutils_commands:/home/nikolaakrap/zavrsni/install/kamera_tf2_py/lib/python3.10/site-packages:/home/nikolaakrap/zavrsni/install/pymoveit2/local/lib/python3.10/dist-packages:${PYTHONPATH} /usr/bin/python3 -W ignore:setup.py install is deprecated setup.py egg_info --egg-base ../../build/kamera_tf2_py build --build-base /home/nikolaakrap/zavrsni/build/kamera_tf2_py/build install --record /home/nikolaakrap/zavrsni/build/kamera_tf2_py/install.log --single-version-externally-managed install_data
[0.814s] running egg_info
[0.815s] writing ../../build/kamera_tf2_py/kamera_tf2_py.egg-info/PKG-INFO
[0.815s] writing dependency_links to ../../build/kamera_tf2_py/kamera_tf2_py.egg-info/dependency_links.txt
[0.815s] writing entry points to ../../build/kamera_tf2_py/kamera_tf2_py.egg-info/entry_points.txt
[0.815s] writing requirements to ../../build/kamera_tf2_py/kamera_tf2_py.egg-info/requires.txt
[0.815s] writing top-level names to ../../build/kamera_tf2_py/kamera_tf2_py.egg-info/top_level.txt
[0.817s] reading manifest file '../../build/kamera_tf2_py/kamera_tf2_py.egg-info/SOURCES.txt'
[0.817s] adding license file 'LICENSE'
[0.818s] writing manifest file '../../build/kamera_tf2_py/kamera_tf2_py.egg-info/SOURCES.txt'
[0.818s] running build
[0.818s] running build_py
[0.819s] copying kamera_tf2_py/move_robot.py -> /home/nikolaakrap/zavrsni/build/kamera_tf2_py/build/lib/kamera_tf2_py
[0.819s] running install
[0.820s] running install_lib
[0.820s] copying /home/nikolaakrap/zavrsni/build/kamera_tf2_py/build/lib/kamera_tf2_py/move_robot.py -> /home/nikolaakrap/zavrsni/install/kamera_tf2_py/lib/python3.10/site-packages/kamera_tf2_py
[0.821s] byte-compiling /home/nikolaakrap/zavrsni/install/kamera_tf2_py/lib/python3.10/site-packages/kamera_tf2_py/move_robot.py to move_robot.cpython-310.pyc
[0.822s] running install_data
[0.822s] running install_egg_info
[0.824s] removing '/home/nikolaakrap/zavrsni/install/kamera_tf2_py/lib/python3.10/site-packages/kamera_tf2_py-0.0.0-py3.10.egg-info' (and everything under it)
[0.824s] Copying ../../build/kamera_tf2_py/kamera_tf2_py.egg-info to /home/nikolaakrap/zavrsni/install/kamera_tf2_py/lib/python3.10/site-packages/kamera_tf2_py-0.0.0-py3.10.egg-info
[0.825s] running install_scripts
[0.840s] Installing kamera_tf2 script to /home/nikolaakrap/zavrsni/install/kamera_tf2_py/lib/kamera_tf2_py
[0.840s] Installing move_robot script to /home/nikolaakrap/zavrsni/install/kamera_tf2_py/lib/kamera_tf2_py
[0.841s] Installing static_marker script to /home/nikolaakrap/zavrsni/install/kamera_tf2_py/lib/kamera_tf2_py
[0.841s] writing list of installed files to '/home/nikolaakrap/zavrsni/build/kamera_tf2_py/install.log'
[0.867s] Invoked command in '/home/nikolaakrap/zavrsni/src/kamera_tf2_py' returned '0': AMENT_PREFIX_PATH=/home/nikolaakrap/zavrsni/install/pymoveit2:${AMENT_PREFIX_PATH} CMAKE_PREFIX_PATH=/home/nikolaakrap/zavrsni/install/pymoveit2:${CMAKE_PREFIX_PATH} PYTHONPATH=/home/nikolaakrap/zavrsni/build/kamera_tf2_py/prefix_override:/usr/lib/python3/dist-packages/colcon_core/task/python/colcon_distutils_commands:/home/nikolaakrap/zavrsni/install/kamera_tf2_py/lib/python3.10/site-packages:/home/nikolaakrap/zavrsni/install/pymoveit2/local/lib/python3.10/dist-packages:${PYTHONPATH} /usr/bin/python3 -W ignore:setup.py install is deprecated setup.py egg_info --egg-base ../../build/kamera_tf2_py build --build-base /home/nikolaakrap/zavrsni/build/kamera_tf2_py/build install --record /home/nikolaakrap/zavrsni/build/kamera_tf2_py/install.log --single-version-externally-managed install_data
