[0.013s] Invoking command in '/home/nikolaakrap/zavrsni/build/pymoveit2': CMAKE_PREFIX_PATH=${CMAKE_PREFIX_PATH}:/home/nikolaakrap/moveit2_ws/install/moveit_configs_utils:/opt/ros/humble /usr/bin/cmake /home/nikolaakrap/zavrsni/src/pymoveit2 -DCMAKE_INSTALL_PREFIX=/home/nikolaakrap/zavrsni/install/pymoveit2
[0.080s] -- The C compiler identification is GNU 11.4.0
[0.171s] -- The CXX compiler identification is GNU 11.4.0
[0.189s] -- Detecting C compiler ABI info
[0.269s] -- Detecting C compiler ABI info - done
[0.287s] -- Check for working C compiler: /usr/bin/cc - skipped
[0.287s] -- Detecting C compile features
[0.289s] -- Detecting C compile features - done
[0.296s] -- Detecting CXX compiler ABI info
[0.392s] -- Detecting CXX compiler ABI info - done
[0.411s] -- Check for working CXX compiler: /usr/bin/c++ - skipped
[0.411s] -- Detecting CXX compile features
[0.412s] -- Detecting CXX compile features - done
[0.427s] -- Found ament_cmake: 1.3.10 (/opt/ros/humble/share/ament_cmake/cmake)
[0.603s] -- Found Python3: /usr/bin/python3 (found version "3.10.12") found components: Interpreter 
[0.874s] -- Configuring done
[0.877s] -- Generating done
[0.877s] -- Build files have been written to: /home/nikolaakrap/zavrsni/build/pymoveit2
[0.881s] Invoked command in '/home/nikolaakrap/zavrsni/build/pymoveit2' returned '0': CMAKE_PREFIX_PATH=${CMAKE_PREFIX_PATH}:/home/nikolaakrap/moveit2_ws/install/moveit_configs_utils:/opt/ros/humble /usr/bin/cmake /home/nikolaakrap/zavrsni/src/pymoveit2 -DCMAKE_INSTALL_PREFIX=/home/nikolaakrap/zavrsni/install/pymoveit2
[0.884s] Invoking command in '/home/nikolaakrap/zavrsni/build/pymoveit2': CMAKE_PREFIX_PATH=${CMAKE_PREFIX_PATH}:/home/nikolaakrap/moveit2_ws/install/moveit_configs_utils:/opt/ros/humble /usr/bin/cmake --build /home/nikolaakrap/zavrsni/build/pymoveit2 -- -j8 -l8
[0.948s] Built target ament_cmake_python_copy_pymoveit2
[1.148s] running egg_info
[1.149s] creating pymoveit2.egg-info
[1.149s] writing pymoveit2.egg-info/PKG-INFO
[1.149s] writing dependency_links to pymoveit2.egg-info/dependency_links.txt
[1.149s] writing top-level names to pymoveit2.egg-info/top_level.txt
[1.149s] writing manifest file 'pymoveit2.egg-info/SOURCES.txt'
[1.151s] reading manifest file 'pymoveit2.egg-info/SOURCES.txt'
[1.151s] writing manifest file 'pymoveit2.egg-info/SOURCES.txt'
[1.188s] Built target ament_cmake_python_build_pymoveit2_egg
[1.200s] Invoked command in '/home/nikolaakrap/zavrsni/build/pymoveit2' returned '0': CMAKE_PREFIX_PATH=${CMAKE_PREFIX_PATH}:/home/nikolaakrap/moveit2_ws/install/moveit_configs_utils:/opt/ros/humble /usr/bin/cmake --build /home/nikolaakrap/zavrsni/build/pymoveit2 -- -j8 -l8
[1.248s] Invoking command in '/home/nikolaakrap/zavrsni/build/pymoveit2': CMAKE_PREFIX_PATH=${CMAKE_PREFIX_PATH}:/home/nikolaakrap/moveit2_ws/install/moveit_configs_utils:/opt/ros/humble /usr/bin/cmake --install /home/nikolaakrap/zavrsni/build/pymoveit2
[1.264s] -- Install configuration: ""
[1.264s] -- Installing: /home/nikolaakrap/zavrsni/install/pymoveit2/share/pymoveit2/environment/pythonpath.sh
[1.264s] -- Installing: /home/nikolaakrap/zavrsni/install/pymoveit2/share/pymoveit2/environment/pythonpath.dsv
[1.265s] -- Up-to-date: /home/nikolaakrap/zavrsni/install/pymoveit2/local/lib/python3.10/dist-packages/pymoveit2-4.0.0-py3.10.egg-info
[1.265s] -- Installing: /home/nikolaakrap/zavrsni/install/pymoveit2/local/lib/python3.10/dist-packages/pymoveit2-4.0.0-py3.10.egg-info/SOURCES.txt
[1.265s] -- Installing: /home/nikolaakrap/zavrsni/install/pymoveit2/local/lib/python3.10/dist-packages/pymoveit2-4.0.0-py3.10.egg-info/dependency_links.txt
[1.265s] -- Installing: /home/nikolaakrap/zavrsni/install/pymoveit2/local/lib/python3.10/dist-packages/pymoveit2-4.0.0-py3.10.egg-info/PKG-INFO
[1.265s] -- Installing: /home/nikolaakrap/zavrsni/install/pymoveit2/local/lib/python3.10/dist-packages/pymoveit2-4.0.0-py3.10.egg-info/top_level.txt
[1.265s] -- Up-to-date: /home/nikolaakrap/zavrsni/install/pymoveit2/local/lib/python3.10/dist-packages/pymoveit2
[1.265s] -- Up-to-date: /home/nikolaakrap/zavrsni/install/pymoveit2/local/lib/python3.10/dist-packages/pymoveit2/moveit2_gripper.py
[1.266s] -- Up-to-date: /home/nikolaakrap/zavrsni/install/pymoveit2/local/lib/python3.10/dist-packages/pymoveit2/__init__.py
[1.266s] -- Up-to-date: /home/nikolaakrap/zavrsni/install/pymoveit2/local/lib/python3.10/dist-packages/pymoveit2/gripper_interface.py
[1.266s] -- Up-to-date: /home/nikolaakrap/zavrsni/install/pymoveit2/local/lib/python3.10/dist-packages/pymoveit2/moveit2.py
[1.266s] -- Up-to-date: /home/nikolaakrap/zavrsni/install/pymoveit2/local/lib/python3.10/dist-packages/pymoveit2/robots
[1.266s] -- Up-to-date: /home/nikolaakrap/zavrsni/install/pymoveit2/local/lib/python3.10/dist-packages/pymoveit2/robots/phantomx_pincher.py
[1.266s] -- Up-to-date: /home/nikolaakrap/zavrsni/install/pymoveit2/local/lib/python3.10/dist-packages/pymoveit2/robots/panda.py
[1.266s] -- Up-to-date: /home/nikolaakrap/zavrsni/install/pymoveit2/local/lib/python3.10/dist-packages/pymoveit2/robots/kinova.py
[1.266s] -- Up-to-date: /home/nikolaakrap/zavrsni/install/pymoveit2/local/lib/python3.10/dist-packages/pymoveit2/robots/__init__.py
[1.266s] -- Up-to-date: /home/nikolaakrap/zavrsni/install/pymoveit2/local/lib/python3.10/dist-packages/pymoveit2/robots/crane_x7.py
[1.267s] -- Up-to-date: /home/nikolaakrap/zavrsni/install/pymoveit2/local/lib/python3.10/dist-packages/pymoveit2/robots/lbr.py
[1.267s] -- Up-to-date: /home/nikolaakrap/zavrsni/install/pymoveit2/local/lib/python3.10/dist-packages/pymoveit2/gripper_command.py
[1.267s] -- Up-to-date: /home/nikolaakrap/zavrsni/install/pymoveit2/local/lib/python3.10/dist-packages/pymoveit2/moveit2_servo.py
[1.299s] Listing '/home/nikolaakrap/zavrsni/install/pymoveit2/local/lib/python3.10/dist-packages/pymoveit2'...
[1.299s] Listing '/home/nikolaakrap/zavrsni/install/pymoveit2/local/lib/python3.10/dist-packages/pymoveit2/robots'...
[1.302s] -- Up-to-date: /home/nikolaakrap/zavrsni/install/pymoveit2/lib/pymoveit2/ex_allow_collisions.py
[1.302s] -- Up-to-date: /home/nikolaakrap/zavrsni/install/pymoveit2/lib/pymoveit2/ex_clear_planning_scene.py
[1.302s] -- Up-to-date: /home/nikolaakrap/zavrsni/install/pymoveit2/lib/pymoveit2/ex_collision_mesh.py
[1.303s] -- Up-to-date: /home/nikolaakrap/zavrsni/install/pymoveit2/lib/pymoveit2/ex_collision_primitive.py
[1.303s] -- Up-to-date: /home/nikolaakrap/zavrsni/install/pymoveit2/lib/pymoveit2/ex_fk.py
[1.303s] -- Up-to-date: /home/nikolaakrap/zavrsni/install/pymoveit2/lib/pymoveit2/ex_gripper.py
[1.303s] -- Up-to-date: /home/nikolaakrap/zavrsni/install/pymoveit2/lib/pymoveit2/ex_ik.py
[1.303s] -- Up-to-date: /home/nikolaakrap/zavrsni/install/pymoveit2/lib/pymoveit2/ex_joint_goal.py
[1.303s] -- Up-to-date: /home/nikolaakrap/zavrsni/install/pymoveit2/lib/pymoveit2/ex_orientation_path_constraint.py
[1.303s] -- Up-to-date: /home/nikolaakrap/zavrsni/install/pymoveit2/lib/pymoveit2/ex_pose_goal.py
[1.304s] -- Up-to-date: /home/nikolaakrap/zavrsni/install/pymoveit2/lib/pymoveit2/ex_servo.py
[1.304s] -- Installing: /home/nikolaakrap/zavrsni/install/pymoveit2/share/ament_index/resource_index/package_run_dependencies/pymoveit2
[1.304s] -- Installing: /home/nikolaakrap/zavrsni/install/pymoveit2/share/ament_index/resource_index/parent_prefix_path/pymoveit2
[1.304s] -- Up-to-date: /home/nikolaakrap/zavrsni/install/pymoveit2/share/pymoveit2/environment/ament_prefix_path.sh
[1.304s] -- Installing: /home/nikolaakrap/zavrsni/install/pymoveit2/share/pymoveit2/environment/ament_prefix_path.dsv
[1.304s] -- Up-to-date: /home/nikolaakrap/zavrsni/install/pymoveit2/share/pymoveit2/environment/path.sh
[1.304s] -- Installing: /home/nikolaakrap/zavrsni/install/pymoveit2/share/pymoveit2/environment/path.dsv
[1.304s] -- Installing: /home/nikolaakrap/zavrsni/install/pymoveit2/share/pymoveit2/local_setup.bash
[1.305s] -- Installing: /home/nikolaakrap/zavrsni/install/pymoveit2/share/pymoveit2/local_setup.sh
[1.305s] -- Installing: /home/nikolaakrap/zavrsni/install/pymoveit2/share/pymoveit2/local_setup.zsh
[1.305s] -- Installing: /home/nikolaakrap/zavrsni/install/pymoveit2/share/pymoveit2/local_setup.dsv
[1.305s] -- Installing: /home/nikolaakrap/zavrsni/install/pymoveit2/share/pymoveit2/package.dsv
[1.305s] -- Installing: /home/nikolaakrap/zavrsni/install/pymoveit2/share/ament_index/resource_index/packages/pymoveit2
[1.305s] -- Installing: /home/nikolaakrap/zavrsni/install/pymoveit2/share/pymoveit2/cmake/pymoveit2Config.cmake
[1.305s] -- Installing: /home/nikolaakrap/zavrsni/install/pymoveit2/share/pymoveit2/cmake/pymoveit2Config-version.cmake
[1.306s] -- Up-to-date: /home/nikolaakrap/zavrsni/install/pymoveit2/share/pymoveit2/package.xml
[1.308s] Invoked command in '/home/nikolaakrap/zavrsni/build/pymoveit2' returned '0': CMAKE_PREFIX_PATH=${CMAKE_PREFIX_PATH}:/home/nikolaakrap/moveit2_ws/install/moveit_configs_utils:/opt/ros/humble /usr/bin/cmake --install /home/nikolaakrap/zavrsni/build/pymoveit2
